# JRE version: 6.0_32-b32
# Java VM: OpenJDK 64-Bit Server VM (23.25-b01 mixed mode linux-amd64 compressed oops)
Heap
 PSYoungGen      total 919872K, used 387870K [0x00000007c0000000, 0x0000000800000000, 0x0000000800000000)
  eden space 789952K, 46% used [0x00000007c0000000,0x00000007d650d070,0x00000007f0370000)
  from space 129920K, 17% used [0x00000007f8120000,0x00000007f96da948,0x0000000800000000)
  to   space 128704K, 0% used [0x00000007f0370000,0x00000007f0370000,0x00000007f8120000)
 ParOldGen       total 1048576K, used 238918K [0x0000000780000000, 0x00000007c0000000, 0x00000007c0000000)
  object space 1048576K, 22% used [0x0000000780000000,0x000000078e951bd8,0x00000007c0000000)
 PSPermGen       total 76352K, used 76170K [0x0000000775a00000, 0x000000077a490000, 0x0000000780000000)
  object space 76352K, 99% used [0x0000000775a00000,0x000000077a462bf8,0x000000077a490000)
GC Heap History (10 events):
Event: 385.720 GC heap before
{Heap before GC invocations=8 (full 0):
 PSYoungGen      total 902784K, used 902746K [0x00000007c0000000, 0x0000000800000000, 0x0000000800000000)
  eden space 810624K, 100% used [0x00000007c0000000,0x00000007f17a0000,0x00000007f17a0000)
  from space 92160K, 99% used [0x00000007f17a0000,0x00000007f7196b90,0x00000007f71a0000)
  to   space 128960K, 0% used [0x00000007f8210000,0x00000007f8210000,0x0000000800000000)
 ParOldGen       total 1048576K, used 58267K [0x0000000780000000, 0x00000007c0000000, 0x00000007c0000000)
  object space 1048576K, 5% used [0x0000000780000000,0x00000007838e6cd8,0x00000007c0000000)
 PSPermGen       total 75392K, used 75309K [0x0000000775a00000, 0x000000077a3a0000, 0x0000000780000000)
  object space 75392K, 99% used [0x0000000775a00000,0x000000077a38b4b0,0x000000077a3a0000)
Event: 386.453 GC heap after
Heap after GC invocations=8 (full 0):
 PSYoungGen      total 922496K, used 72038K [0x00000007c0000000, 0x0000000800000000, 0x0000000800000000)
  eden space 793536K, 0% used [0x00000007c0000000,0x00000007c0000000,0x00000007f06f0000)
  from space 128960K, 55% used [0x00000007f8210000,0x00000007fc869b88,0x0000000800000000)
  to   space 126080K, 0% used [0x00000007f06f0000,0x00000007f06f0000,0x00000007f8210000)
 ParOldGen       total 1048576K, used 94435K [0x0000000780000000, 0x00000007c0000000, 0x00000007c0000000)
  object space 1048576K, 9% used [0x0000000780000000,0x0000000785c38f28,0x00000007c0000000)
 PSPermGen       total 75392K, used 75309K [0x0000000775a00000, 0x000000077a3a0000, 0x0000000780000000)
  object space 75392K, 99% used [0x0000000775a00000,0x000000077a38b4b0,0x000000077a3a0000)
}
Event: 420.712 GC heap before
{Heap before GC invocations=9 (full 0):
 PSYoungGen      total 922496K, used 865574K [0x00000007c0000000, 0x0000000800000000, 0x0000000800000000)
  eden space 793536K, 100% used [0x00000007c0000000,0x00000007f06f0000,0x00000007f06f0000)
  from space 128960K, 55% used [0x00000007f8210000,0x00000007fc869b88,0x0000000800000000)
  to   space 126080K, 0% used [0x00000007f06f0000,0x00000007f06f0000,0x00000007f8210000)
 ParOldGen       total 1048576K, used 94435K [0x0000000780000000, 0x00000007c0000000, 0x00000007c0000000)
  object space 1048576K, 9% used [0x0000000780000000,0x0000000785c38f28,0x00000007c0000000)
 PSPermGen       total 75968K, used 75783K [0x0000000775a00000, 0x000000077a430000, 0x0000000780000000)
  object space 75968K, 99% used [0x0000000775a00000,0x000000077a401fc0,0x000000077a430000)
Event: 421.076 GC heap after
Heap after GC invocations=9 (full 0):
 PSYoungGen      total 919616K, used 34541K [0x00000007c0000000, 0x0000000800000000, 0x0000000800000000)
  eden space 793536K, 0% used [0x00000007c0000000,0x00000007c0000000,0x00000007f06f0000)
  from space 126080K, 27% used [0x00000007f06f0000,0x00000007f28ab640,0x00000007f8210000)
  to   space 123776K, 0% used [0x00000007f8720000,0x00000007f8720000,0x0000000800000000)
 ParOldGen       total 1048576K, used 123945K [0x0000000780000000, 0x00000007c0000000, 0x00000007c0000000)
  object space 1048576K, 11% used [0x0000000780000000,0x000000078790a698,0x00000007c0000000)
 PSPermGen       total 75968K, used 75783K [0x0000000775a00000, 0x000000077a430000, 0x0000000780000000)
  object space 75968K, 99% used [0x0000000775a00000,0x000000077a401fc0,0x000000077a430000)
}
Event: 612.564 GC heap before
{Heap before GC invocations=10 (full 0):
 PSYoungGen      total 919616K, used 828077K [0x00000007c0000000, 0x0000000800000000, 0x0000000800000000)
  eden space 793536K, 100% used [0x00000007c0000000,0x00000007f06f0000,0x00000007f06f0000)
  from space 126080K, 27% used [0x00000007f06f0000,0x00000007f28ab640,0x00000007f8210000)
  to   space 123776K, 0% used [0x00000007f8720000,0x00000007f8720000,0x0000000800000000)
 ParOldGen       total 1048576K, used 123945K [0x0000000780000000, 0x00000007c0000000, 0x00000007c0000000)
  object space 1048576K, 11% used [0x0000000780000000,0x000000078790a698,0x00000007c0000000)
 PSPermGen       total 76160K, used 76108K [0x0000000775a00000, 0x000000077a460000, 0x0000000780000000)
  object space 76160K, 99% used [0x0000000775a00000,0x000000077a453010,0x000000077a460000)
Event: 613.129 GC heap after
Heap after GC invocations=10 (full 0):
 PSYoungGen      total 912000K, used 93033K [0x00000007c0000000, 0x0000000800000000, 0x0000000800000000)
  eden space 788224K, 0% used [0x00000007c0000000,0x00000007c0000000,0x00000007f01c0000)
  from space 123776K, 75% used [0x00000007f8720000,0x00000007fe1fa420,0x0000000800000000)
  to   space 130176K, 0% used [0x00000007f01c0000,0x00000007f01c0000,0x00000007f80e0000)
 ParOldGen       total 1048576K, used 143419K [0x0000000780000000, 0x00000007c0000000, 0x00000007c0000000)
  object space 1048576K, 13% used [0x0000000780000000,0x0000000788c0ef08,0x00000007c0000000)
 PSPermGen       total 76160K, used 76108K [0x0000000775a00000, 0x000000077a460000, 0x0000000780000000)
  object space 76160K, 99% used [0x0000000775a00000,0x000000077a453010,0x000000077a460000)
}
Event: 641.982 GC heap before
{Heap before GC invocations=11 (full 0):
 PSYoungGen      total 912000K, used 881257K [0x00000007c0000000, 0x0000000800000000, 0x0000000800000000)
  eden space 788224K, 100% used [0x00000007c0000000,0x00000007f01c0000,0x00000007f01c0000)
  from space 123776K, 75% used [0x00000007f8720000,0x00000007fe1fa420,0x0000000800000000)
  to   space 130176K, 0% used [0x00000007f01c0000,0x00000007f01c0000,0x00000007f80e0000)
 ParOldGen       total 1048576K, used 143419K [0x0000000780000000, 0x00000007c0000000, 0x00000007c0000000)
  object space 1048576K, 13% used [0x0000000780000000,0x0000000788c0ef08,0x00000007c0000000)
 PSPermGen       total 76160K, used 76126K [0x0000000775a00000, 0x000000077a460000, 0x0000000780000000)
  object space 76160K, 99% used [0x0000000775a00000,0x000000077a457a70,0x000000077a460000)
Event: 642.693 GC heap after
Heap after GC invocations=11 (full 0):
 PSYoungGen      total 918400K, used 22629K [0x00000007c0000000, 0x0000000800000000, 0x0000000800000000)
  eden space 788224K, 0% used [0x00000007c0000000,0x00000007c0000000,0x00000007f01c0000)
  from space 130176K, 17% used [0x00000007f01c0000,0x00000007f17d9778,0x00000007f80e0000)
  to   space 129920K, 0% used [0x00000007f8120000,0x00000007f8120000,0x0000000800000000)
 ParOldGen       total 1048576K, used 228712K [0x0000000780000000, 0x00000007c0000000, 0x00000007c0000000)
  object space 1048576K, 21% used [0x0000000780000000,0x000000078df5a308,0x00000007c0000000)
 PSPermGen       total 76160K, used 76126K [0x0000000775a00000, 0x000000077a460000, 0x0000000780000000)
  object space 76160K, 99% used [0x0000000775a00000,0x000000077a457a70,0x000000077a460000)
}
Event: 675.791 GC heap before
{Heap before GC invocations=12 (full 0):
 PSYoungGen      total 918400K, used 810853K [0x00000007c0000000, 0x0000000800000000, 0x0000000800000000)
  eden space 788224K, 100% used [0x00000007c0000000,0x00000007f01c0000,0x00000007f01c0000)
  from space 130176K, 17% used [0x00000007f01c0000,0x00000007f17d9778,0x00000007f80e0000)
  to   space 129920K, 0% used [0x00000007f8120000,0x00000007f8120000,0x0000000800000000)
 ParOldGen       total 1048576K, used 228712K [0x0000000780000000, 0x00000007c0000000, 0x00000007c0000000)
  object space 1048576K, 21% used [0x0000000780000000,0x000000078df5a308,0x00000007c0000000)
 PSPermGen       total 76160K, used 76150K [0x0000000775a00000, 0x000000077a460000, 0x0000000780000000)
  object space 76160K, 99% used [0x0000000775a00000,0x000000077a45da28,0x000000077a460000)
Event: 676.424 GC heap after
Heap after GC invocations=12 (full 0):
 PSYoungGen      total 919872K, used 22250K [0x00000007c0000000, 0x0000000800000000, 0x0000000800000000)
  eden space 789952K, 0% used [0x00000007c0000000,0x00000007c0000000,0x00000007f0370000)
  from space 129920K, 17% used [0x00000007f8120000,0x00000007f96da948,0x0000000800000000)
  to   space 128704K, 0% used [0x00000007f0370000,0x00000007f0370000,0x00000007f8120000)
 ParOldGen       total 1048576K, used 238918K [0x0000000780000000, 0x00000007c0000000, 0x00000007c0000000)
  object space 1048576K, 22% used [0x0000000780000000,0x000000078e951bd8,0x00000007c0000000)
 PSPermGen       total 76160K, used 76150K [0x0000000775a00000, 0x000000077a460000, 0x0000000780000000)
  object space 76160K, 99% used [0x0000000775a00000,0x000000077a45da28,0x000000077a460000)
}

